# JRE version: Java(TM) SE Runtime Environment (8.0_311-b11) (build 1.8.0_311-b11)
# Java VM: Java HotSpot(TM) 64-Bit Server VM (25.311-b11 mixed mode windows-amd64 compressed oops)
Heap:
 PSYoungGen      total 314368K, used 165363K [0x000000076b180000, 0x0000000797b80000, 0x00000007c0000000)
  eden space 241152K, 68% used [0x000000076b180000,0x00000007752fcf38,0x0000000779d00000)
  from space 73216K, 0% used [0x0000000779d00000,0x0000000779d00000,0x000000077e480000)
  to   space 124416K, 0% used [0x0000000790200000,0x0000000790200000,0x0000000797b80000)
 ParOldGen       total 209920K, used 168936K [0x00000006c1400000, 0x00000006ce100000, 0x000000076b180000)
  object space 209920K, 80% used [0x00000006c1400000,0x00000006cb8fa348,0x00000006ce100000)
 Metaspace       used 19610K, capacity 19898K, committed 20352K, reserved 1067008K
  class space    used 2224K, capacity 2306K, committed 2432K, reserved 1048576K
GC Heap History (10 events):
Event: 11.448 GC heap before
{Heap before GC invocations=10 (full 3):
 PSYoungGen      total 314368K, used 241152K [0x000000076b180000, 0x0000000797b80000, 0x00000007c0000000)
  eden space 241152K, 100% used [0x000000076b180000,0x0000000779d00000,0x0000000779d00000)
  from space 73216K, 0% used [0x0000000779d00000,0x0000000779d00000,0x000000077e480000)
  to   space 124416K, 0% used [0x0000000790200000,0x0000000790200000,0x0000000797b80000)
 ParOldGen       total 209920K, used 170428K [0x00000006c1400000, 0x00000006ce100000, 0x000000076b180000)
  object space 209920K, 81% used [0x00000006c1400000,0x00000006cba6f0b8,0x00000006ce100000)
 Metaspace       used 19474K, capacity 19762K, committed 20352K, reserved 1067008K
  class space    used 2223K, capacity 2306K, committed 2432K, reserved 1048576K
Event: 11.520 GC heap after
Heap after GC invocations=10 (full 3):
 PSYoungGen      total 314368K, used 0K [0x000000076b180000, 0x0000000797b80000, 0x00000007c0000000)
  eden space 241152K, 0% used [0x000000076b180000,0x000000076b180000,0x0000000779d00000)
  from space 73216K, 0% used [0x0000000779d00000,0x0000000779d00000,0x000000077e480000)
  to   space 124416K, 0% used [0x0000000790200000,0x0000000790200000,0x0000000797b80000)
 ParOldGen       total 209920K, used 170450K [0x00000006c1400000, 0x00000006ce100000, 0x000000076b180000)
  object space 209920K, 81% used [0x00000006c1400000,0x00000006cba74820,0x00000006ce100000)
 Metaspace       used 19474K, capacity 19762K, committed 20352K, reserved 1067008K
  class space    used 2223K, capacity 2306K, committed 2432K, reserved 1048576K
}
Event: 15.052 GC heap before
{Heap before GC invocations=11 (full 4):
 PSYoungGen      total 314368K, used 240176K [0x000000076b180000, 0x0000000797b80000, 0x00000007c0000000)
  eden space 241152K, 99% used [0x000000076b180000,0x0000000779c0c258,0x0000000779d00000)
  from space 73216K, 0% used [0x0000000779d00000,0x0000000779d00000,0x000000077e480000)
  to   space 124416K, 0% used [0x0000000790200000,0x0000000790200000,0x0000000797b80000)
 ParOldGen       total 209920K, used 170450K [0x00000006c1400000, 0x00000006ce100000, 0x000000076b180000)
  object space 209920K, 81% used [0x00000006c1400000,0x00000006cba74820,0x00000006ce100000)
 Metaspace       used 19565K, capacity 19834K, committed 20352K, reserved 1067008K
  class space    used 2224K, capacity 2306K, committed 2432K, reserved 1048576K
Event: 15.070 GC heap after
Heap after GC invocations=11 (full 4):
 PSYoungGen      total 314368K, used 0K [0x000000076b180000, 0x0000000797b80000, 0x00000007c0000000)
  eden space 241152K, 0% used [0x000000076b180000,0x000000076b180000,0x0000000779d00000)
  from space 73216K, 0% used [0x0000000779d00000,0x0000000779d00000,0x000000077e480000)
  to   space 124416K, 0% used [0x0000000790200000,0x0000000790200000,0x0000000797b80000)
 ParOldGen       total 209920K, used 168934K [0x00000006c1400000, 0x00000006ce100000, 0x000000076b180000)
  object space 209920K, 80% used [0x00000006c1400000,0x00000006cb8f9b98,0x00000006ce100000)
 Metaspace       used 19565K, capacity 19834K, committed 20352K, reserved 1067008K
  class space    used 2224K, capacity 2306K, committed 2432K, reserved 1048576K
}
Event: 16.740 GC heap before
{Heap before GC invocations=12 (full 5):
 PSYoungGen      total 314368K, used 241152K [0x000000076b180000, 0x0000000797b80000, 0x00000007c0000000)
  eden space 241152K, 100% used [0x000000076b180000,0x0000000779d00000,0x0000000779d00000)
  from space 73216K, 0% used [0x0000000779d00000,0x0000000779d00000,0x000000077e480000)
  to   space 124416K, 0% used [0x0000000790200000,0x0000000790200000,0x0000000797b80000)
 ParOldGen       total 209920K, used 168934K [0x00000006c1400000, 0x00000006ce100000, 0x000000076b180000)
  object space 209920K, 80% used [0x00000006c1400000,0x00000006cb8f9b98,0x00000006ce100000)
 Metaspace       used 19586K, capacity 19898K, committed 20352K, reserved 1067008K
  class space    used 2224K, capacity 2306K, committed 2432K, reserved 1048576K
Event: 16.760 GC heap after
Heap after GC invocations=12 (full 5):
 PSYoungGen      total 314368K, used 0K [0x000000076b180000, 0x0000000797b80000, 0x00000007c0000000)
  eden space 241152K, 0% used [0x000000076b180000,0x000000076b180000,0x0000000779d00000)
  from space 73216K, 0% used [0x0000000779d00000,0x0000000779d00000,0x000000077e480000)
  to   space 124416K, 0% used [0x0000000790200000,0x0000000790200000,0x0000000797b80000)
 ParOldGen       total 209920K, used 168936K [0x00000006c1400000, 0x00000006ce100000, 0x000000076b180000)
  object space 209920K, 80% used [0x00000006c1400000,0x00000006cb8fa100,0x00000006ce100000)
 Metaspace       used 19586K, capacity 19898K, committed 20352K, reserved 1067008K
  class space    used 2224K, capacity 2306K, committed 2432K, reserved 1048576K
}
Event: 18.394 GC heap before
{Heap before GC invocations=13 (full 6):
 PSYoungGen      total 314368K, used 241061K [0x000000076b180000, 0x0000000797b80000, 0x00000007c0000000)
  eden space 241152K, 99% used [0x000000076b180000,0x0000000779ce9640,0x0000000779d00000)
  from space 73216K, 0% used [0x0000000779d00000,0x0000000779d00000,0x000000077e480000)
  to   space 124416K, 0% used [0x0000000790200000,0x0000000790200000,0x0000000797b80000)
 ParOldGen       total 209920K, used 168936K [0x00000006c1400000, 0x00000006ce100000, 0x000000076b180000)
  object space 209920K, 80% used [0x00000006c1400000,0x00000006cb8fa100,0x00000006ce100000)
 Metaspace       used 19604K, capacity 19898K, committed 20352K, reserved 1067008K
  class space    used 2224K, capacity 2306K, committed 2432K, reserved 1048576K
Event: 18.412 GC heap after
Heap after GC invocations=13 (full 6):
 PSYoungGen      total 314368K, used 0K [0x000000076b180000, 0x0000000797b80000, 0x00000007c0000000)
  eden space 241152K, 0% used [0x000000076b180000,0x000000076b180000,0x0000000779d00000)
  from space 73216K, 0% used [0x0000000779d00000,0x0000000779d00000,0x000000077e480000)
  to   space 124416K, 0% used [0x0000000790200000,0x0000000790200000,0x0000000797b80000)
 ParOldGen       total 209920K, used 170460K [0x00000006c1400000, 0x00000006ce100000, 0x000000076b180000)
  object space 209920K, 81% used [0x00000006c1400000,0x00000006cba77268,0x00000006ce100000)
 Metaspace       used 19604K, capacity 19898K, committed 20352K, reserved 1067008K
  class space    used 2224K, capacity 2306K, committed 2432K, reserved 1048576K
}
Event: 20.082 GC heap before
{Heap before GC invocations=14 (full 7):
 PSYoungGen      total 314368K, used 241152K [0x000000076b180000, 0x0000000797b80000, 0x00000007c0000000)
  eden space 241152K, 100% used [0x000000076b180000,0x0000000779d00000,0x0000000779d00000)
  from space 73216K, 0% used [0x0000000779d00000,0x0000000779d00000,0x000000077e480000)
  to   space 124416K, 0% used [0x0000000790200000,0x0000000790200000,0x0000000797b80000)
 ParOldGen       total 209920K, used 170460K [0x00000006c1400000, 0x00000006ce100000, 0x000000076b180000)
  object space 209920K, 81% used [0x00000006c1400000,0x00000006cba77268,0x00000006ce100000)
 Metaspace       used 19604K, capacity 19898K, committed 20352K, reserved 1067008K
  class space    used 2224K, capacity 2306K, committed 2432K, reserved 1048576K
Event: 20.106 GC heap after
Heap after GC invocations=14 (full 7):
 PSYoungGen      total 314368K, used 0K [0x000000076b180000, 0x0000000797b80000, 0x00000007c0000000)
  eden space 241152K, 0% used [0x000000076b180000,0x000000076b180000,0x0000000779d00000)
  from space 73216K, 0% used [0x0000000779d00000,0x0000000779d00000,0x000000077e480000)
  to   space 124416K, 0% used [0x0000000790200000,0x0000000790200000,0x0000000797b80000)
 ParOldGen       total 209920K, used 168936K [0x00000006c1400000, 0x00000006ce100000, 0x000000076b180000)
  object space 209920K, 80% used [0x00000006c1400000,0x00000006cb8fa348,0x00000006ce100000)
 Metaspace       used 19604K, capacity 19898K, committed 20352K, reserved 1067008K
  class space    used 2224K, capacity 2306K, committed 2432K, reserved 1048576K
}

